<?xml version="1.0" encoding="UTF-8"?>
<!-- Generated by org.testng.reporters.JUnitReportReporter -->
<testsuite hostname="sunilr201-PC" failures="0" tests="4" name="testCases.TC_CreateIndirectOpportunity" time="409.618" errors="0" timestamp="2025-09-23T15:35:28 IST" skipped="0">
  <testcase classname="testCases.TC_CreateIndirectOpportunity" name="createIndirectOpportunity" time="0.031"/>
  <testcase classname="testCases.TC_CreateIndirectOpportunity" name="createIndirectOpportunity" time="216.057"/>
  <testcase classname="testCases.TC_CreateIndirectOpportunity" name="createIndirectOpportunity" time="193.385"/>
  <testcase classname="testCases.TC_CreateIndirectOpportunity" name="createIndirectOpportunity" time="0.145"/>
</testsuite> <!-- testCases.TC_CreateIndirectOpportunity -->
