<?xml version="1.0" encoding="UTF-8"?>
<!-- Generated by org.testng.reporters.JUnitReportReporter -->
<testsuite hostname="sunilr201-PC" failures="0" tests="4" name="testCases_SolifFire.TC_SolidFireConfig" time="671.132" errors="0" timestamp="2025-10-01T23:51:49 IST" skipped="1">
  <testcase classname="testCases_SolifFire.TC_SolidFireConfig" name="createSolidFireConfig" time="0.074"/>
  <testcase classname="testCases_SolifFire.TC_SolidFireConfig" name="createSolidFireConfig" time="0.006"/>
  <testcase classname="testCases_SolifFire.TC_SolidFireConfig" name="createSolidFireConfig" time="389.844"/>
  <testcase classname="testCases_SolifFire.TC_SolidFireConfig" name="createSolidFireConfig" time="281.208">
    <skipped/>
  </testcase> <!-- createSolidFireConfig -->
</testsuite> <!-- testCases_SolifFire.TC_SolidFireConfig -->
