<?xml version="1.0" encoding="UTF-8"?>
<!-- Generated by org.testng.reporters.JUnitReportReporter -->
<testsuite hostname="sunilr201-PC" failures="0" tests="3" name="testCases.TC002_HappyPathScript" time="158.800" errors="0" timestamp="2025-09-08T16:40:30 IST" skipped="0">
  <testcase classname="testCases.TC002_HappyPathScript" name="verifySolidFireConfig" time="0.007"/>
  <testcase classname="testCases.TC002_HappyPathScript" name="verifySolidFireConfig" time="158.695"/>
  <testcase classname="testCases.TC002_HappyPathScript" name="verifySolidFireConfig" time="0.098"/>
</testsuite> <!-- testCases.TC002_HappyPathScript -->
