<?xml version="1.0" encoding="UTF-8"?>
<!-- Generated by org.testng.reporters.JUnitReportReporter -->
<testsuite hostname="sunilr201-PC" failures="0" tests="3" name="testCases_FastQuotes.TC_FastQuotesConfig" time="2117.873" errors="0" timestamp="2025-09-26T20:07:45 IST" skipped="0">
  <testcase classname="testCases_FastQuotes.TC_FastQuotesConfig" name="createFastQuotesConfig" time="0.032"/>
  <testcase classname="testCases_FastQuotes.TC_FastQuotesConfig" name="createFastQuotesConfig" time="0.276"/>
  <testcase classname="testCases_FastQuotes.TC_FastQuotesConfig" name="createFastQuotesConfig" time="2117.565"/>
</testsuite> <!-- testCases_FastQuotes.TC_FastQuotesConfig -->
