<?xml version="1.0" encoding="UTF-8"?>
<!-- Generated by org.testng.reporters.JUnitReportReporter -->
<testsuite hostname="sunilr201-PC" failures="0" tests="3" name="testCases.TC002_HappyPathScript" time="321.437" errors="0" timestamp="2025-09-07T01:36:19 IST" skipped="0">
  <testcase classname="testCases.TC002_HappyPathScript" name="verifyHappyPath" time="321.072"/>
  <testcase classname="testCases.TC002_HappyPathScript" name="verifyHappyPath" time="0.321"/>
  <testcase classname="testCases.TC002_HappyPathScript" name="verifyHappyPath" time="0.044"/>
</testsuite> <!-- testCases.TC002_HappyPathScript -->
