<?xml version="1.0" encoding="UTF-8"?>
<!-- Generated by org.testng.reporters.JUnitReportReporter -->
<testsuite hostname="sunilr201-PC" failures="0" tests="5" name="testCases.TC_CreateDirectOpportunity" time="195.967" errors="0" timestamp="2025-09-15T18:10:00 IST" skipped="2">
  <testcase classname="testCases.TC_CreateDirectOpportunity" name="createDirectOpportunity" time="54.494">
    <skipped/>
  </testcase> <!-- createDirectOpportunity -->
  <testcase classname="testCases.TC_CreateDirectOpportunity" name="createDirectOpportunity" time="56.592"/>
  <testcase classname="testCases.TC_CreateDirectOpportunity" name="createDirectOpportunity" time="0.063"/>
  <testcase classname="testCases.TC_CreateDirectOpportunity" name="createDirectOpportunity" time="0.000"/>
  <testcase classname="testCases.TC_CreateDirectOpportunity" name="createDirectOpportunity" time="84.818">
    <skipped/>
  </testcase> <!-- createDirectOpportunity -->
</testsuite> <!-- testCases.TC_CreateDirectOpportunity -->
