<?xml version="1.0" encoding="UTF-8"?>
<!-- Generated by org.testng.reporters.JUnitReportReporter -->
<testsuite hostname="sunilr201-PC" failures="0" tests="3" name="testCases_SFDC.TC_CreateDirectOpportunity" time="153.265" errors="0" timestamp="2025-10-01T12:41:16 IST" skipped="0">
  <testcase classname="testCases_SFDC.TC_CreateDirectOpportunity" name="createDirectOpportunity" time="0.006"/>
  <testcase classname="testCases_SFDC.TC_CreateDirectOpportunity" name="createDirectOpportunity" time="153.204"/>
  <testcase classname="testCases_SFDC.TC_CreateDirectOpportunity" name="createDirectOpportunity" time="0.055"/>
</testsuite> <!-- testCases_SFDC.TC_CreateDirectOpportunity -->
