<?xml version="1.0" encoding="UTF-8"?>
<!-- Generated by org.testng.reporters.JUnitReportReporter -->
<testsuite hostname="sunilr201-PC" failures="0" tests="6" name="testCases.TC_CreateDirectOpportunity" time="446.514" errors="0" timestamp="2025-09-19T23:48:38 IST" skipped="3">
  <testcase classname="testCases.TC_CreateDirectOpportunity" name="createDirectOpportunity" time="114.036">
    <skipped/>
  </testcase> <!-- createDirectOpportunity -->
  <testcase classname="testCases.TC_CreateDirectOpportunity" name="createDirectOpportunity" time="0.117"/>
  <testcase classname="testCases.TC_CreateDirectOpportunity" name="createDirectOpportunity" time="101.248"/>
  <testcase classname="testCases.TC_CreateDirectOpportunity" name="createDirectOpportunity" time="0.009"/>
  <testcase classname="testCases.TC_CreateDirectOpportunity" name="createDirectOpportunity" time="102.558">
    <skipped/>
  </testcase> <!-- createDirectOpportunity -->
  <testcase classname="testCases.TC_CreateDirectOpportunity" name="createDirectOpportunity" time="128.546">
    <skipped/>
  </testcase> <!-- createDirectOpportunity -->
</testsuite> <!-- testCases.TC_CreateDirectOpportunity -->
