<?xml version="1.0" encoding="UTF-8"?>
<!-- Generated by org.testng.reporters.JUnitReportReporter -->
<testsuite hostname="sunilr201-PC" failures="0" tests="3" name="testCases_FastQuotes.TC_FastQuotesConfig" time="402.776" errors="0" timestamp="2025-09-24T20:21:30 IST" skipped="0">
  <testcase classname="testCases_FastQuotes.TC_FastQuotesConfig" name="createFastQuotesConfig" time="0.302"/>
  <testcase classname="testCases_FastQuotes.TC_FastQuotesConfig" name="createFastQuotesConfig" time="402.440"/>
  <testcase classname="testCases_FastQuotes.TC_FastQuotesConfig" name="createFastQuotesConfig" time="0.034"/>
</testsuite> <!-- testCases_FastQuotes.TC_FastQuotesConfig -->
