<?xml version="1.0" encoding="UTF-8"?>
<!-- Generated by org.testng.reporters.JUnitReportReporter -->
<testsuite hostname="sunilr201-PC" failures="0" tests="4" name="testCases.TC_CreateIndirectOpportunity" time="432.813" errors="0" timestamp="2025-09-21T04:01:37 IST" skipped="0">
  <testcase classname="testCases.TC_CreateIndirectOpportunity" name="createIndirectOpportunity" time="0.030"/>
  <testcase classname="testCases.TC_CreateIndirectOpportunity" name="createIndirectOpportunity" time="228.227"/>
  <testcase classname="testCases.TC_CreateIndirectOpportunity" name="createIndirectOpportunity" time="204.182"/>
  <testcase classname="testCases.TC_CreateIndirectOpportunity" name="createIndirectOpportunity" time="0.374"/>
</testsuite> <!-- testCases.TC_CreateIndirectOpportunity -->
