<?xml version="1.0" encoding="UTF-8"?>
<!-- Generated by org.testng.reporters.JUnitReportReporter -->
<testsuite hostname="sunilr201-PC" failures="0" tests="4" name="testCases_SFDC.TC_CreateIndirectOpportunity" time="451.578" errors="0" timestamp="2025-10-01T01:15:25 IST" skipped="0">
  <testcase classname="testCases_SFDC.TC_CreateIndirectOpportunity" name="createIndirectOpportunity" time="0.007"/>
  <testcase classname="testCases_SFDC.TC_CreateIndirectOpportunity" name="createIndirectOpportunity" time="241.702"/>
  <testcase classname="testCases_SFDC.TC_CreateIndirectOpportunity" name="createIndirectOpportunity" time="0.078"/>
  <testcase classname="testCases_SFDC.TC_CreateIndirectOpportunity" name="createIndirectOpportunity" time="209.791"/>
</testsuite> <!-- testCases_SFDC.TC_CreateIndirectOpportunity -->
