<?xml version="1.0" encoding="UTF-8"?>
<!-- Generated by org.testng.reporters.JUnitReportReporter -->
<testsuite hostname="sunilr201-PC" failures="0" tests="4" name="testCases_StorageGrid.TC_StorageGridConfig" time="881.030" errors="0" timestamp="2025-10-02T00:09:13 IST" skipped="0">
  <testcase classname="testCases_StorageGrid.TC_StorageGridConfig" name="createStorageGridConfig" time="0.071"/>
  <testcase classname="testCases_StorageGrid.TC_StorageGridConfig" name="createStorageGridConfig" time="446.235"/>
  <testcase classname="testCases_StorageGrid.TC_StorageGridConfig" name="createStorageGridConfig" time="434.717"/>
  <testcase classname="testCases_StorageGrid.TC_StorageGridConfig" name="createStorageGridConfig" time="0.007"/>
</testsuite> <!-- testCases_StorageGrid.TC_StorageGridConfig -->
