<?xml version="1.0" encoding="UTF-8"?>
<!-- Generated by org.testng.reporters.JUnitReportReporter -->
<testsuite hostname="sunilr201-PC" failures="0" tests="3" name="testCases_SFDC.TC_CreateDirectOpportunity" time="144.705" errors="0" timestamp="2025-10-01T01:05:41 IST" skipped="0">
  <testcase classname="testCases_SFDC.TC_CreateDirectOpportunity" name="createDirectOpportunity" time="0.058"/>
  <testcase classname="testCases_SFDC.TC_CreateDirectOpportunity" name="createDirectOpportunity" time="144.642"/>
  <testcase classname="testCases_SFDC.TC_CreateDirectOpportunity" name="createDirectOpportunity" time="0.005"/>
</testsuite> <!-- testCases_SFDC.TC_CreateDirectOpportunity -->
