<?xml version="1.0" encoding="UTF-8"?>
<!-- Generated by org.testng.reporters.JUnitReportReporter -->
<testsuite hostname="sunilr201-PC" failures="0" tests="3" name="testCases.TC002_SolidFireConfig" time="355.163" errors="0" timestamp="2025-09-08T17:33:24 IST" skipped="0">
  <testcase classname="testCases.TC002_SolidFireConfig" name="createSolidFireConfig" time="355.054"/>
  <testcase classname="testCases.TC002_SolidFireConfig" name="createSolidFireConfig" time="0.018"/>
  <testcase classname="testCases.TC002_SolidFireConfig" name="createSolidFireConfig" time="0.091"/>
</testsuite> <!-- testCases.TC002_SolidFireConfig -->
