<?xml version="1.0" encoding="UTF-8"?>
<!-- Generated by org.testng.reporters.JUnitReportReporter -->
<testsuite hostname="sunilr201-PC" failures="0" tests="3" name="testCases.tryLogic" time="103.942" errors="0" timestamp="2025-09-09T00:23:04 IST" skipped="0">
  <testcase classname="testCases.tryLogic" name="verifyHappyPath" time="0.032"/>
  <testcase classname="testCases.tryLogic" name="verifyHappyPath" time="0.300"/>
  <testcase classname="testCases.tryLogic" name="verifyHappyPath" time="103.610"/>
</testsuite> <!-- testCases.tryLogic -->
