<?xml version="1.0" encoding="UTF-8"?>
<!-- Generated by org.testng.reporters.JUnitReportReporter -->
<testsuite hostname="sunilr201-PC" failures="0" tests="3" name="testCases.TC001_HappyPath" time="16.409" errors="0" timestamp="2025-08-29T20:29:39 IST" skipped="0">
  <testcase classname="testCases.TC001_HappyPath" name="verifyHappyPath" time="0.095"/>
  <testcase classname="testCases.TC001_HappyPath" name="verifyHappyPath" time="16.299"/>
  <testcase classname="testCases.TC001_HappyPath" name="verifyHappyPath" time="0.015"/>
</testsuite> <!-- testCases.TC001_HappyPath -->
