<?xml version="1.0" encoding="UTF-8"?>
<!-- Generated by org.testng.reporters.JUnitReportReporter -->
<testsuite hostname="sunilr201-PC" failures="0" tests="3" name="testCases.TC_CreateDirectOpportunity" time="136.680" errors="0" timestamp="2025-09-20T20:50:45 IST" skipped="0">
  <testcase classname="testCases.TC_CreateDirectOpportunity" name="createDirectOpportunity" time="0.078"/>
  <testcase classname="testCases.TC_CreateDirectOpportunity" name="createDirectOpportunity" time="136.598"/>
  <testcase classname="testCases.TC_CreateDirectOpportunity" name="createDirectOpportunity" time="0.004"/>
</testsuite> <!-- testCases.TC_CreateDirectOpportunity -->
