<?xml version="1.0" encoding="UTF-8"?>
<!-- Generated by org.testng.reporters.JUnitReportReporter -->
<testsuite hostname="sunilr201-PC" failures="0" tests="1" name="testCases.TC001_Login" time="184.401" errors="0" timestamp="2024-12-06T18:44:24 IST" skipped="0">
  <testcase classname="testCases.TC001_Login" name="login_SFDC" time="184.401"/>
</testsuite> <!-- testCases.TC001_Login -->
