<?xml version="1.0" encoding="UTF-8"?>
<!-- Generated by org.testng.reporters.JUnitReportReporter -->
<testsuite hostname="sunilr201-PC" failures="0" tests="3" name="testCases.TC001_HappyPath" time="26.938" errors="0" timestamp="2025-09-04T16:17:38 IST" skipped="0">
  <testcase classname="testCases.TC001_HappyPath" name="verifyHappyPath" time="0.181"/>
  <testcase classname="testCases.TC001_HappyPath" name="verifyHappyPath" time="0.083"/>
  <testcase classname="testCases.TC001_HappyPath" name="verifyHappyPath" time="26.674"/>
</testsuite> <!-- testCases.TC001_HappyPath -->
