<?xml version="1.0" encoding="UTF-8"?>
<!-- Generated by org.testng.reporters.JUnitReportReporter -->
<testsuite hostname="sunilr201-PC" failures="0" tests="3" name="testCases.TC_CreateDirectOpportunity" time="156.139" errors="0" timestamp="2025-09-23T15:22:21 IST" skipped="0">
  <testcase classname="testCases.TC_CreateDirectOpportunity" name="createDirectOpportunity" time="0.005"/>
  <testcase classname="testCases.TC_CreateDirectOpportunity" name="createDirectOpportunity" time="0.102"/>
  <testcase classname="testCases.TC_CreateDirectOpportunity" name="createDirectOpportunity" time="156.032"/>
</testsuite> <!-- testCases.TC_CreateDirectOpportunity -->
