<?xml version="1.0" encoding="UTF-8"?>
<!-- Generated by org.testng.reporters.JUnitReportReporter -->
<testsuite hostname="sunilr201-PC" failures="0" tests="3" name="testCases.TC001_SolidFireConfig" time="58.369" errors="0" timestamp="2025-09-08T20:02:00 IST" skipped="0">
  <testcase classname="testCases.TC001_SolidFireConfig" name="createSolidFireConfig" time="0.166"/>
  <testcase classname="testCases.TC001_SolidFireConfig" name="createSolidFireConfig" time="0.018"/>
  <testcase classname="testCases.TC001_SolidFireConfig" name="createSolidFireConfig" time="58.185"/>
</testsuite> <!-- testCases.TC001_SolidFireConfig -->
