<?xml version="1.0" encoding="UTF-8"?>
<!-- Generated by org.testng.reporters.JUnitReportReporter -->
<testsuite hostname="sunilr201-PC" failures="0" tests="3" name="testCases.tryLogic" time="145.541" errors="0" timestamp="2025-09-05T01:12:47 IST" skipped="0">
  <testcase classname="testCases.tryLogic" name="verifyHappyPath" time="145.247"/>
  <testcase classname="testCases.tryLogic" name="verifyHappyPath" time="0.066"/>
  <testcase classname="testCases.tryLogic" name="verifyHappyPath" time="0.228"/>
</testsuite> <!-- testCases.tryLogic -->
