<?xml version="1.0" encoding="UTF-8"?>
<!-- Generated by org.testng.reporters.JUnitReportReporter -->
<testsuite hostname="sunilr201-PC" failures="0" tests="3" name="testCases.TC_CreateDirectOpportunity" time="145.141" errors="0" timestamp="2025-09-14T19:09:17 IST" skipped="0">
  <testcase classname="testCases.TC_CreateDirectOpportunity" name="createDirectOpportunity" time="145.061"/>
  <testcase classname="testCases.TC_CreateDirectOpportunity" name="createDirectOpportunity" time="0.073"/>
  <testcase classname="testCases.TC_CreateDirectOpportunity" name="createDirectOpportunity" time="0.007"/>
</testsuite> <!-- testCases.TC_CreateDirectOpportunity -->
