<?xml version="1.0" encoding="UTF-8"?>
<!-- Generated by org.testng.reporters.JUnitReportReporter -->
<testsuite hostname="sunilr201-PC" failures="0" tests="3" name="testCases.TC_CreateIndirectOpportunity" time="10.818" errors="0" timestamp="2025-09-11T23:36:04 IST" skipped="0">
  <testcase classname="testCases.TC_CreateIndirectOpportunity" name="createIndirectOpportunity" time="10.569"/>
  <testcase classname="testCases.TC_CreateIndirectOpportunity" name="createIndirectOpportunity" time="0.025"/>
  <testcase classname="testCases.TC_CreateIndirectOpportunity" name="createIndirectOpportunity" time="0.224"/>
</testsuite> <!-- testCases.TC_CreateIndirectOpportunity -->
