<?xml version="1.0" encoding="UTF-8"?>
<!-- Generated by org.testng.reporters.JUnitReportReporter -->
<testsuite hostname="sunilr201-PC" failures="0" tests="2" name="testCases.Demo" time="0.016" errors="0" timestamp="2024-11-30T17:56:49 IST" skipped="0">
  <testcase classname="testCases.Demo" name="search" time="0.015"/>
  <testcase classname="testCases.Demo" name="search" time="0.001"/>
</testsuite> <!-- testCases.Demo -->
