<?xml version="1.0" encoding="UTF-8"?>
<!-- Generated by org.testng.reporters.JUnitReportReporter -->
<testsuite hostname="sunilr201-PC" failures="0" tests="1" name="utilities.ScreenshotCleanup" time="0.318" errors="0" timestamp="2025-10-02T00:19:43 IST" skipped="0">
  <testcase classname="utilities.ScreenshotCleanup" name="deleteScreenshots" time="0.318"/>
</testsuite> <!-- utilities.ScreenshotCleanup -->
