<?xml version="1.0" encoding="UTF-8"?>
<!-- Generated by org.testng.reporters.JUnitReportReporter -->
<testsuite hostname="sunilr201-PC" failures="0" tests="3" name="testCases.TC_SolidFireConfig" time="498.346" errors="0" timestamp="2025-09-14T19:26:20 IST" skipped="0">
  <testcase classname="testCases.TC_SolidFireConfig" name="createSolidFireConfig" time="0.072"/>
  <testcase classname="testCases.TC_SolidFireConfig" name="createSolidFireConfig" time="0.006"/>
  <testcase classname="testCases.TC_SolidFireConfig" name="createSolidFireConfig" time="498.268"/>
</testsuite> <!-- testCases.TC_SolidFireConfig -->
