<?xml version="1.0" encoding="UTF-8"?>
<!-- Generated by org.testng.reporters.JUnitReportReporter -->
<testsuite hostname="sunilr201-PC" failures="0" tests="2" name="utilities.DataProviders" time="0.013" errors="0" timestamp="2024-11-29T21:29:34 IST" skipped="0">
  <testcase classname="utilities.DataProviders" name="search" time="0.011"/>
  <testcase classname="utilities.DataProviders" name="search" time="0.002"/>
</testsuite> <!-- utilities.DataProviders -->
