<?xml version="1.0" encoding="UTF-8"?>
<!-- Generated by org.testng.reporters.JUnitReportReporter -->
<testsuite hostname="sunilr201-PC" failures="0" tests="10" name="testCases.TC_StorageGridConfig" time="82.300" errors="0" timestamp="2025-09-23T16:07:23 IST" skipped="6">
  <testcase classname="testCases.TC_StorageGridConfig" name="createStorageGridConfig" time="11.330">
    <skipped/>
  </testcase> <!-- createStorageGridConfig -->
  <testcase classname="testCases.TC_StorageGridConfig" name="createStorageGridConfig" time="10.129">
    <skipped/>
  </testcase> <!-- createStorageGridConfig -->
  <testcase classname="testCases.TC_StorageGridConfig" name="createStorageGridConfig" time="0.186"/>
  <testcase classname="testCases.TC_StorageGridConfig" name="createStorageGridConfig" time="10.103">
    <skipped/>
  </testcase> <!-- createStorageGridConfig -->
  <testcase classname="testCases.TC_StorageGridConfig" name="createStorageGridConfig" time="10.054"/>
  <testcase classname="testCases.TC_StorageGridConfig" name="createStorageGridConfig" time="10.119"/>
  <testcase classname="testCases.TC_StorageGridConfig" name="createStorageGridConfig" time="10.125">
    <skipped/>
  </testcase> <!-- createStorageGridConfig -->
  <testcase classname="testCases.TC_StorageGridConfig" name="createStorageGridConfig" time="10.114">
    <skipped/>
  </testcase> <!-- createStorageGridConfig -->
  <testcase classname="testCases.TC_StorageGridConfig" name="createStorageGridConfig" time="0.032"/>
  <testcase classname="testCases.TC_StorageGridConfig" name="createStorageGridConfig" time="10.108">
    <skipped/>
  </testcase> <!-- createStorageGridConfig -->
</testsuite> <!-- testCases.TC_StorageGridConfig -->
