<?xml version="1.0" encoding="UTF-8"?>
<!-- Generated by org.testng.reporters.JUnitReportReporter -->
<testsuite hostname="sunilr201-PC" failures="0" tests="3" name="testCases.TC_SolidFireConfig" time="412.523" errors="0" timestamp="2025-09-22T23:59:29 IST" skipped="0">
  <testcase classname="testCases.TC_SolidFireConfig" name="createSolidFireConfig" time="0.095"/>
  <testcase classname="testCases.TC_SolidFireConfig" name="createSolidFireConfig" time="412.418"/>
  <testcase classname="testCases.TC_SolidFireConfig" name="createSolidFireConfig" time="0.010"/>
</testsuite> <!-- testCases.TC_SolidFireConfig -->
