<?xml version="1.0" encoding="UTF-8"?>
<!-- Generated by org.testng.reporters.JUnitReportReporter -->
<testsuite hostname="sunilr201-PC" failures="0" tests="1" name="com.TestCases.Demo" time="6.247" errors="0" timestamp="2024-11-13T19:48:40 IST" skipped="0">
  <testcase classname="com.TestCases.Demo" name="verif_Method" time="6.247"/>
</testsuite> <!-- com.TestCases.Demo -->
