<?xml version="1.0" encoding="UTF-8"?>
<!-- Generated by org.testng.reporters.JUnitReportReporter -->
<testsuite hostname="sunilr201-PC" failures="0" tests="6" name="testCases.TC_StorageGridConfig" time="918.290" errors="0" timestamp="2025-09-19T17:46:07 IST" skipped="3">
  <testcase classname="testCases.TC_StorageGridConfig" name="createStorageGridConfig" time="0.007"/>
  <testcase classname="testCases.TC_StorageGridConfig" name="createStorageGridConfig" time="222.842"/>
  <testcase classname="testCases.TC_StorageGridConfig" name="createStorageGridConfig" time="250.107">
    <skipped/>
  </testcase> <!-- createStorageGridConfig -->
  <testcase classname="testCases.TC_StorageGridConfig" name="createStorageGridConfig" time="0.106"/>
  <testcase classname="testCases.TC_StorageGridConfig" name="createStorageGridConfig" time="222.567">
    <skipped/>
  </testcase> <!-- createStorageGridConfig -->
  <testcase classname="testCases.TC_StorageGridConfig" name="createStorageGridConfig" time="222.661">
    <skipped/>
  </testcase> <!-- createStorageGridConfig -->
</testsuite> <!-- testCases.TC_StorageGridConfig -->
