<?xml version="1.0" encoding="UTF-8"?>
<!-- Generated by org.testng.reporters.JUnitReportReporter -->
<testsuite hostname="sunilr201-PC" failures="0" tests="3" name="testCases.TC_CreateDirectOpportunity" time="178.690" errors="0" timestamp="2025-09-13T03:13:22 IST" skipped="0">
  <testcase classname="testCases.TC_CreateDirectOpportunity" name="createDirectOpportunity" time="0.397"/>
  <testcase classname="testCases.TC_CreateDirectOpportunity" name="createDirectOpportunity" time="178.248"/>
  <testcase classname="testCases.TC_CreateDirectOpportunity" name="createDirectOpportunity" time="0.045"/>
</testsuite> <!-- testCases.TC_CreateDirectOpportunity -->
