<?xml version="1.0" encoding="UTF-8"?>
<!-- Generated by org.testng.reporters.JUnitReportReporter -->
<testsuite hostname="sunilr201-PC" failures="0" tests="3" name="testCases.TC001_HappyPathScript" time="160.683" errors="0" timestamp="2025-09-05T01:08:09 IST" skipped="0">
  <testcase classname="testCases.TC001_HappyPathScript" name="verifyHappyPath" time="160.387"/>
  <testcase classname="testCases.TC001_HappyPathScript" name="verifyHappyPath" time="0.072"/>
  <testcase classname="testCases.TC001_HappyPathScript" name="verifyHappyPath" time="0.224"/>
</testsuite> <!-- testCases.TC001_HappyPathScript -->
