<?xml version="1.0" encoding="UTF-8"?>
<!-- Generated by org.testng.reporters.JUnitReportReporter -->
<testsuite hostname="sunilr201-PC" failures="0" tests="3" name="testCases.tryLogic" time="202.560" errors="0" timestamp="2025-09-07T00:47:40 IST" skipped="0">
  <testcase classname="testCases.tryLogic" name="verifyHappyPath" time="202.401"/>
  <testcase classname="testCases.tryLogic" name="verifyHappyPath" time="0.011"/>
  <testcase classname="testCases.tryLogic" name="verifyHappyPath" time="0.148"/>
</testsuite> <!-- testCases.tryLogic -->
