<?xml version="1.0" encoding="UTF-8"?>
<!-- Generated by org.testng.reporters.JUnitReportReporter -->
<testsuite hostname="sunilr201-PC" failures="0" tests="3" name="testCases.TC_CreateIndirectOpportunity" time="11.166" errors="0" timestamp="2025-09-10T19:58:10 IST" skipped="0">
  <testcase classname="testCases.TC_CreateIndirectOpportunity" name="createIndirectOpportunity" time="0.149"/>
  <testcase classname="testCases.TC_CreateIndirectOpportunity" name="createIndirectOpportunity" time="0.017"/>
  <testcase classname="testCases.TC_CreateIndirectOpportunity" name="createIndirectOpportunity" time="11.000"/>
</testsuite> <!-- testCases.TC_CreateIndirectOpportunity -->
