<?xml version="1.0" encoding="UTF-8"?>
<!-- Generated by org.testng.reporters.JUnitReportReporter -->
<testsuite hostname="sunilr201-PC" failures="0" tests="3" name="testCases.TC_CreateIndirectOpportunity" time="204.591" errors="0" timestamp="2025-09-14T19:05:01 IST" skipped="0">
  <testcase classname="testCases.TC_CreateIndirectOpportunity" name="createIndirectOpportunity" time="204.509"/>
  <testcase classname="testCases.TC_CreateIndirectOpportunity" name="createIndirectOpportunity" time="0.073"/>
  <testcase classname="testCases.TC_CreateIndirectOpportunity" name="createIndirectOpportunity" time="0.009"/>
</testsuite> <!-- testCases.TC_CreateIndirectOpportunity -->
