<?xml version="1.0" encoding="UTF-8"?>
<!-- Generated by org.testng.reporters.JUnitReportReporter -->
<testsuite hostname="sunilr201-PC" failures="0" tests="3" name="testCases.TC_CreateDirectOpportunity" time="149.863" errors="0" timestamp="2025-09-08T19:40:57 IST" skipped="0">
  <testcase classname="testCases.TC_CreateDirectOpportunity" name="createDirectOpportunity" time="0.198"/>
  <testcase classname="testCases.TC_CreateDirectOpportunity" name="createDirectOpportunity" time="149.648"/>
  <testcase classname="testCases.TC_CreateDirectOpportunity" name="createDirectOpportunity" time="0.017"/>
</testsuite> <!-- testCases.TC_CreateDirectOpportunity -->
