<?xml version="1.0" encoding="UTF-8"?>
<!-- Generated by org.testng.reporters.JUnitReportReporter -->
<testsuite hostname="sunilr201-PC" failures="0" tests="3" name="testCases.tryLogic" time="222.497" errors="0" timestamp="2025-09-22T13:31:52 IST" skipped="0">
  <testcase classname="testCases.tryLogic" name="verifyHappyPath" time="0.104"/>
  <testcase classname="testCases.tryLogic" name="verifyHappyPath" time="222.393"/>
  <testcase classname="testCases.tryLogic" name="verifyHappyPath" time="0.000"/>
</testsuite> <!-- testCases.tryLogic -->
