<?xml version="1.0" encoding="UTF-8"?>
<!-- Generated by org.testng.reporters.JUnitReportReporter -->
<testsuite hostname="sunilr201-PC" failures="0" tests="5" name="testCases_SFDC.TC_CreateOpportunity" time="637.449" errors="0" timestamp="2025-10-01T20:19:30 IST" skipped="0">
  <testcase classname="testCases_SFDC.TC_CreateOpportunity" name="createOpportunity" time="0.093"/>
  <testcase classname="testCases_SFDC.TC_CreateOpportunity" name="createOpportunity" time="226.143"/>
  <testcase classname="testCases_SFDC.TC_CreateOpportunity" name="createOpportunity" time="203.150"/>
  <testcase classname="testCases_SFDC.TC_CreateOpportunity" name="createOpportunity" time="0.012"/>
  <testcase classname="testCases_SFDC.TC_CreateOpportunity" name="createOpportunity" time="208.051"/>
</testsuite> <!-- testCases_SFDC.TC_CreateOpportunity -->
