<?xml version="1.0" encoding="UTF-8"?>
<!-- Generated by org.testng.reporters.JUnitReportReporter -->
<testsuite hostname="sunilr201-PC" failures="0" tests="4" name="testCases_StorageGrid.TC_StorageGridConfig" time="887.766" errors="0" timestamp="2025-09-30T17:09:01 IST" skipped="0">
  <testcase classname="testCases_StorageGrid.TC_StorageGridConfig" name="createStorageGridConfig" time="452.193"/>
  <testcase classname="testCases_StorageGrid.TC_StorageGridConfig" name="createStorageGridConfig" time="0.269"/>
  <testcase classname="testCases_StorageGrid.TC_StorageGridConfig" name="createStorageGridConfig" time="435.269"/>
  <testcase classname="testCases_StorageGrid.TC_StorageGridConfig" name="createStorageGridConfig" time="0.035"/>
</testsuite> <!-- testCases_StorageGrid.TC_StorageGridConfig -->
