<?xml version="1.0" encoding="UTF-8"?>
<!-- Generated by org.testng.reporters.JUnitReportReporter -->
<testsuite hostname="sunilr201-PC" failures="0" tests="4" name="testCases_SolifFire.TC_SolidFireConfig" time="778.235" errors="0" timestamp="2025-09-26T23:31:32 IST" skipped="1">
  <testcase classname="testCases_SolifFire.TC_SolidFireConfig" name="createSolidFireConfig" time="275.896">
    <skipped/>
  </testcase> <!-- createSolidFireConfig -->
  <testcase classname="testCases_SolifFire.TC_SolidFireConfig" name="createSolidFireConfig" time="502.253"/>
  <testcase classname="testCases_SolifFire.TC_SolidFireConfig" name="createSolidFireConfig" time="0.008"/>
  <testcase classname="testCases_SolifFire.TC_SolidFireConfig" name="createSolidFireConfig" time="0.078"/>
</testsuite> <!-- testCases_SolifFire.TC_SolidFireConfig -->
