<?xml version="1.0" encoding="UTF-8"?>
<!-- Generated by org.testng.reporters.JUnitReportReporter -->
<testsuite hostname="sunilr201-PC" failures="0" tests="3" name="testCases_SolifFire.TC_SolidFireConfig" time="512.226" errors="0" timestamp="2025-09-24T22:35:14 IST" skipped="0">
  <testcase classname="testCases_SolifFire.TC_SolidFireConfig" name="createSolidFireConfig" time="0.016"/>
  <testcase classname="testCases_SolifFire.TC_SolidFireConfig" name="createSolidFireConfig" time="0.147"/>
  <testcase classname="testCases_SolifFire.TC_SolidFireConfig" name="createSolidFireConfig" time="512.063"/>
</testsuite> <!-- testCases_SolifFire.TC_SolidFireConfig -->
