<?xml version="1.0" encoding="UTF-8"?>
<!-- Generated by org.testng.reporters.JUnitReportReporter -->
<testsuite hostname="sunilr201-PC" failures="0" tests="3" name="testCases.tryLogic" time="87.063" errors="0" timestamp="2025-09-08T16:19:38 IST" skipped="0">
  <testcase classname="testCases.tryLogic" name="verifyHappyPath" time="86.940"/>
  <testcase classname="testCases.tryLogic" name="verifyHappyPath" time="0.016"/>
  <testcase classname="testCases.tryLogic" name="verifyHappyPath" time="0.107"/>
</testsuite> <!-- testCases.tryLogic -->
