<?xml version="1.0" encoding="UTF-8"?>
<!-- Generated by org.testng.reporters.JUnitReportReporter -->
<testsuite hostname="sunilr201-PC" failures="0" tests="3" name="testCases_SFDC.tryLogic" time="0.694" errors="0" timestamp="2025-10-01T12:46:29 IST" skipped="0">
  <testcase classname="testCases_SFDC.tryLogic" name="verifyTryLogic" time="0.006"/>
  <testcase classname="testCases_SFDC.tryLogic" name="verifyTryLogic" time="0.629"/>
  <testcase classname="testCases_SFDC.tryLogic" name="verifyTryLogic" time="0.059"/>
</testsuite> <!-- testCases_SFDC.tryLogic -->
