<?xml version="1.0" encoding="UTF-8"?>
<!-- Generated by org.testng.reporters.JUnitReportReporter -->
<testsuite hostname="sunilr201-PC" failures="0" tests="3" name="testCases.tryLogic" time="239.350" errors="0" timestamp="2025-09-17T19:30:23 IST" skipped="0">
  <testcase classname="testCases.tryLogic" name="verifyHappyPath" time="0.081"/>
  <testcase classname="testCases.tryLogic" name="verifyHappyPath" time="0.006"/>
  <testcase classname="testCases.tryLogic" name="verifyHappyPath" time="239.263"/>
</testsuite> <!-- testCases.tryLogic -->
