<?xml version="1.0" encoding="UTF-8"?>
<!-- Generated by org.testng.reporters.JUnitReportReporter -->
<testsuite hostname="sunilr201-PC" failures="0" tests="4" name="testCases.TC_StorageGridConfig" time="839.725" errors="0" timestamp="2025-09-23T00:19:25 IST" skipped="0">
  <testcase classname="testCases.TC_StorageGridConfig" name="createStorageGridConfig" time="0.034"/>
  <testcase classname="testCases.TC_StorageGridConfig" name="createStorageGridConfig" time="0.223"/>
  <testcase classname="testCases.TC_StorageGridConfig" name="createStorageGridConfig" time="438.738"/>
  <testcase classname="testCases.TC_StorageGridConfig" name="createStorageGridConfig" time="400.730"/>
</testsuite> <!-- testCases.TC_StorageGridConfig -->
