<?xml version="1.0" encoding="UTF-8"?>
<!-- Generated by org.testng.reporters.JUnitReportReporter -->
<testsuite hostname="sunilr201-PC" failures="0" tests="3" name="testCases.TC_Create1POpportunity" time="192.463" errors="0" timestamp="2025-09-23T15:00:04 IST" skipped="0">
  <testcase classname="testCases.TC_Create1POpportunity" name="TC_Create1POpportunity" time="0.006"/>
  <testcase classname="testCases.TC_Create1POpportunity" name="TC_Create1POpportunity" time="0.060"/>
  <testcase classname="testCases.TC_Create1POpportunity" name="TC_Create1POpportunity" time="192.397"/>
</testsuite> <!-- testCases.TC_Create1POpportunity -->
