<?xml version="1.0" encoding="UTF-8"?>
<!-- Generated by org.testng.reporters.JUnitReportReporter -->
<testsuite hostname="sunilr201-PC" failures="0" tests="4" name="testCases.TC_SolidFireConfig" time="665.896" errors="0" timestamp="2025-09-23T15:48:46 IST" skipped="1">
  <testcase classname="testCases.TC_SolidFireConfig" name="createSolidFireConfig" time="274.006">
    <skipped/>
  </testcase> <!-- createSolidFireConfig -->
  <testcase classname="testCases.TC_SolidFireConfig" name="createSolidFireConfig" time="0.013"/>
  <testcase classname="testCases.TC_SolidFireConfig" name="createSolidFireConfig" time="391.727"/>
  <testcase classname="testCases.TC_SolidFireConfig" name="createSolidFireConfig" time="0.150"/>
</testsuite> <!-- testCases.TC_SolidFireConfig -->
