<?xml version="1.0" encoding="UTF-8"?>
<!-- Generated by org.testng.reporters.JUnitReportReporter -->
<testsuite hostname="sunilr201-PC" failures="0" tests="3" name="testCases.TC_SolidFireConfig" time="411.111" errors="0" timestamp="2025-09-14T01:18:42 IST" skipped="0">
  <testcase classname="testCases.TC_SolidFireConfig" name="createSolidFireConfig" time="0.008"/>
  <testcase classname="testCases.TC_SolidFireConfig" name="createSolidFireConfig" time="0.089"/>
  <testcase classname="testCases.TC_SolidFireConfig" name="createSolidFireConfig" time="411.014"/>
</testsuite> <!-- testCases.TC_SolidFireConfig -->
