<?xml version="1.0" encoding="UTF-8"?>
<!-- Generated by org.testng.reporters.JUnitReportReporter -->
<testsuite hostname="sunilr201-PC" failures="0" tests="3" name="testCases.TC001_HappyPathScript" time="31.879" errors="0" timestamp="2025-09-06T21:07:16 IST" skipped="0">
  <testcase classname="testCases.TC001_HappyPathScript" name="verifyHappyPath" time="0.026"/>
  <testcase classname="testCases.TC001_HappyPathScript" name="verifyHappyPath" time="31.594"/>
  <testcase classname="testCases.TC001_HappyPathScript" name="verifyHappyPath" time="0.259"/>
</testsuite> <!-- testCases.TC001_HappyPathScript -->
