<?xml version="1.0" encoding="UTF-8"?>
<!-- Generated by org.testng.reporters.JUnitReportReporter -->
<testsuite hostname="sunilr201-PC" failures="0" tests="3" name="testCases.TC_SolidFireConfig" time="375.448" errors="0" timestamp="2025-09-19T17:28:09 IST" skipped="0">
  <testcase classname="testCases.TC_SolidFireConfig" name="createSolidFireConfig" time="375.335"/>
  <testcase classname="testCases.TC_SolidFireConfig" name="createSolidFireConfig" time="0.106"/>
  <testcase classname="testCases.TC_SolidFireConfig" name="createSolidFireConfig" time="0.007"/>
</testsuite> <!-- testCases.TC_SolidFireConfig -->
