<?xml version="1.0" encoding="UTF-8"?>
<!-- Generated by org.testng.reporters.JUnitReportReporter -->
<testsuite hostname="sunilr201-PC" failures="0" tests="1" name="testCases.TC001_Login" time="193.687" errors="0" timestamp="2024-12-06T21:56:14 IST" skipped="0">
  <testcase classname="testCases.TC001_Login" name="login_SFDC" time="193.687"/>
</testsuite> <!-- testCases.TC001_Login -->
